<?xml version="1.0" encoding="UTF-8"?>
<!DOCTYPE html PUBLIC "-//W3C//DTD XHTML 1.0 Strict//EN" "http://www.w3.org/TR/xhtml1/DTD/xhtml1-strict.dtd">
<html xmlns="http://www.w3.org/1999/xhtml" xml:lang="en" lang="en">
<head>
  <meta content="text/html; charset=UTF-8" http-equiv="content-type" />
  <title>Test Suite</title>
</head>
<body>
<table id="suiteTable" cellpadding="1" cellspacing="1" border="1" class="selenium"><tbody>
<tr><td><b>Test Suite</b></td></tr>
<tr><td><a href="test-case-1-demo.html">test-case-1-demo</a></td></tr>
<tr><td><a href="test-case-2-demo.html">test-case-2-demo</a></td></tr>
<tr><td><a href="test-case-3-demo.html">test-case-3-demo</a></td></tr>
<tr><td><a href="test-case-4-demo.html">test-case-4-demo</a></td></tr>
<tr><td><a href="test-case-5-demo.html">test-case-5-demo</a></td></tr>
<tr><td><a href="test-case-6-demo.html">test-case-6-demo</a></td></tr>
</tbody></table>
</body>
</html>
